[debug] ----------------------------------------------------------------------
[debug] Command:      C:\Program Files\nodejs\node.exe C:\Users\Jsoldat\AppData\Roaming\npm\node_modules\firebase-tools\bin\firebase serve
[debug] CLI Version:  3.0.2
[debug] Platform:     win32
[debug] Node Version: v4.4.0
[debug] Time:         Sun Jun 05 2016 08:35:40 GMT+0700 (SE Asia Standard Time)
[debug] ----------------------------------------------------------------------
[debug] 
[info] Starting Firebase development server...
[info] 
[info] Project Directory: C:\Users\Jsoldat\Desktop\CODE\REACT\reactContactList
[info] Public Directory: app
[info] 
[info] Server listening at: http://localhost:5000
[debug] ----------------------------------------------------------------------
[debug] Command:      C:\Program Files\nodejs\node.exe C:\Users\Jsoldat\AppData\Roaming\npm\node_modules\firebase-tools\bin\firebase serve
[debug] CLI Version:  3.0.2
[debug] Platform:     win32
[debug] Node Version: v4.4.0
[debug] Time:         Sun Jun 05 2016 11:27:50 GMT+0700 (SE Asia Standard Time)
[debug] ----------------------------------------------------------------------
[debug] 
[info] Starting Firebase development server...
[info] 
[info] Project Directory: C:\Users\Jsoldat\Desktop\CODE\REACT\reactContactList
[info] Public Directory: app
[info] 
[info] Server listening at: http://localhost:5000
